Performing C++ SOURCE FILE Test COMPILER_SUPPORT_wd981 failed with the following output:
Change Dir: /home/algo/Downloads/eigen-3.2.10/build/CMakeFiles/CMakeTmp

Run Build Command:"/usr/bin/make" "cmTC_0c483/fast"
/usr/bin/make -f CMakeFiles/cmTC_0c483.dir/build.make CMakeFiles/cmTC_0c483.dir/build
make[1]: Entering directory '/home/algo/Downloads/eigen-3.2.10/build/CMakeFiles/CMakeTmp'
Building CXX object CMakeFiles/cmTC_0c483.dir/src.cxx.o
/usr/bin/c++    -fexceptions -pedantic -Wall -Wextra -Wundef -Wcast-align -Wchar-subscripts -Wnon-virtual-dtor -Wunused-local-typedefs -Wpointer-arith -Wwrite-strings -Wformat-security -Wno-psabi -Wno-variadic-macros -Wno-long-long -fno-check-new -fno-common -fstrict-aliasing -DCOMPILER_SUPPORT_wd981 -Werror   -wd981 -o CMakeFiles/cmTC_0c483.dir/src.cxx.o -c /home/algo/Downloads/eigen-3.2.10/build/CMakeFiles/CMakeTmp/src.cxx
c++: error: unrecognized command line option '-wd981'
CMakeFiles/cmTC_0c483.dir/build.make:65: recipe for target 'CMakeFiles/cmTC_0c483.dir/src.cxx.o' failed
make[1]: *** [CMakeFiles/cmTC_0c483.dir/src.cxx.o] Error 1
make[1]: Leaving directory '/home/algo/Downloads/eigen-3.2.10/build/CMakeFiles/CMakeTmp'
Makefile:126: recipe for target 'cmTC_0c483/fast' failed
make: *** [cmTC_0c483/fast] Error 2

Source file was:
int main() { return 0; }
Performing C++ SOURCE FILE Test COMPILER_SUPPORT_wd2304 failed with the following output:
Change Dir: /home/algo/Downloads/eigen-3.2.10/build/CMakeFiles/CMakeTmp

Run Build Command:"/usr/bin/make" "cmTC_0b687/fast"
/usr/bin/make -f CMakeFiles/cmTC_0b687.dir/build.make CMakeFiles/cmTC_0b687.dir/build
make[1]: Entering directory '/home/algo/Downloads/eigen-3.2.10/build/CMakeFiles/CMakeTmp'
Building CXX object CMakeFiles/cmTC_0b687.dir/src.cxx.o
/usr/bin/c++    -fexceptions -pedantic -Wall -Wextra -Wundef -Wcast-align -Wchar-subscripts -Wnon-virtual-dtor -Wunused-local-typedefs -Wpointer-arith -Wwrite-strings -Wformat-security -Wno-psabi -Wno-variadic-macros -Wno-long-long -fno-check-new -fno-common -fstrict-aliasing -DCOMPILER_SUPPORT_wd2304 -Werror   -wd2304 -o CMakeFiles/cmTC_0b687.dir/src.cxx.o -c /home/algo/Downloads/eigen-3.2.10/build/CMakeFiles/CMakeTmp/src.cxx
c++: error: unrecognized command line option '-wd2304'
CMakeFiles/cmTC_0b687.dir/build.make:65: recipe for target 'CMakeFiles/cmTC_0b687.dir/src.cxx.o' failed
make[1]: *** [CMakeFiles/cmTC_0b687.dir/src.cxx.o] Error 1
make[1]: Leaving directory '/home/algo/Downloads/eigen-3.2.10/build/CMakeFiles/CMakeTmp'
Makefile:126: recipe for target 'cmTC_0b687/fast' failed
make: *** [cmTC_0b687/fast] Error 2

Source file was:
int main() { return 0; }
Performing C++ SOURCE FILE Test COMPILER_SUPPORT_STRICTANSI failed with the following output:
Change Dir: /home/algo/Downloads/eigen-3.2.10/build/CMakeFiles/CMakeTmp

Run Build Command:"/usr/bin/make" "cmTC_21651/fast"
/usr/bin/make -f CMakeFiles/cmTC_21651.dir/build.make CMakeFiles/cmTC_21651.dir/build
make[1]: Entering directory '/home/algo/Downloads/eigen-3.2.10/build/CMakeFiles/CMakeTmp'
Building CXX object CMakeFiles/cmTC_21651.dir/src.cxx.o
/usr/bin/c++    -fexceptions -pedantic -Wall -Wextra -Wundef -Wcast-align -Wchar-subscripts -Wnon-virtual-dtor -Wunused-local-typedefs -Wpointer-arith -Wwrite-strings -Wformat-security -Wno-psabi -Wno-variadic-macros -Wno-long-long -fno-check-new -fno-common -fstrict-aliasing -DCOMPILER_SUPPORT_STRICTANSI -Werror   -strict-ansi -o CMakeFiles/cmTC_21651.dir/src.cxx.o -c /home/algo/Downloads/eigen-3.2.10/build/CMakeFiles/CMakeTmp/src.cxx
c++: error: unrecognized command line option '-strict-ansi'; did you mean '-fstrict-enums'?
CMakeFiles/cmTC_21651.dir/build.make:65: recipe for target 'CMakeFiles/cmTC_21651.dir/src.cxx.o' failed
make[1]: *** [CMakeFiles/cmTC_21651.dir/src.cxx.o] Error 1
make[1]: Leaving directory '/home/algo/Downloads/eigen-3.2.10/build/CMakeFiles/CMakeTmp'
Makefile:126: recipe for target 'cmTC_21651/fast' failed
make: *** [cmTC_21651/fast] Error 2

Source file was:
int main() { return 0; }
Performing C++ SOURCE FILE Test COMPILER_SUPPORT_Qunusedarguments failed with the following output:
Change Dir: /home/algo/Downloads/eigen-3.2.10/build/CMakeFiles/CMakeTmp

Run Build Command:"/usr/bin/make" "cmTC_9234b/fast"
/usr/bin/make -f CMakeFiles/cmTC_9234b.dir/build.make CMakeFiles/cmTC_9234b.dir/build
make[1]: Entering directory '/home/algo/Downloads/eigen-3.2.10/build/CMakeFiles/CMakeTmp'
Building CXX object CMakeFiles/cmTC_9234b.dir/src.cxx.o
/usr/bin/c++    -fexceptions -pedantic -Wall -Wextra -Wundef -Wcast-align -Wchar-subscripts -Wnon-virtual-dtor -Wunused-local-typedefs -Wpointer-arith -Wwrite-strings -Wformat-security -Wno-psabi -Wno-variadic-macros -Wno-long-long -fno-check-new -fno-common -fstrict-aliasing -DCOMPILER_SUPPORT_Qunusedarguments -Werror   -Qunused-arguments -o CMakeFiles/cmTC_9234b.dir/src.cxx.o -c /home/algo/Downloads/eigen-3.2.10/build/CMakeFiles/CMakeTmp/src.cxx
c++: error: unrecognized command line option '-Qunused-arguments'; did you mean '-Wunused-parameter'?
CMakeFiles/cmTC_9234b.dir/build.make:65: recipe for target 'CMakeFiles/cmTC_9234b.dir/src.cxx.o' failed
make[1]: *** [CMakeFiles/cmTC_9234b.dir/src.cxx.o] Error 1
make[1]: Leaving directory '/home/algo/Downloads/eigen-3.2.10/build/CMakeFiles/CMakeTmp'
Makefile:126: recipe for target 'cmTC_9234b/fast' failed
make: *** [cmTC_9234b/fast] Error 2

Source file was:
int main() { return 0; }
Compiling the Fortran compiler identification source file "CMakeFortranCompilerId.F" failed.
Compiler: CMAKE_Fortran_COMPILER-NOTFOUND 
Build flags: 
Id flags: -v 

The output was:
No such file or directory


Compiling the Fortran compiler identification source file "CMakeFortranCompilerId.F" failed.
Compiler: CMAKE_Fortran_COMPILER-NOTFOUND 
Build flags: 
Id flags:  

The output was:
No such file or directory


Compiling the Fortran compiler identification source file "CMakeFortranCompilerId.F" failed.
Compiler: CMAKE_Fortran_COMPILER-NOTFOUND 
Build flags: 
Id flags: -c 

The output was:
No such file or directory


Compiling the Fortran compiler identification source file "CMakeFortranCompilerId.F" failed.
Compiler: CMAKE_Fortran_COMPILER-NOTFOUND 
Build flags: 
Id flags: -fpp 

The output was:
No such file or directory


Compiling the Fortran compiler identification source file "CMakeFortranCompilerId.F" failed.
Compiler: CMAKE_Fortran_COMPILER-NOTFOUND 
Build flags: 
Id flags: -v 

The output was:
No such file or directory


Compiling the Fortran compiler identification source file "CMakeFortranCompilerId.F" failed.
Compiler: CMAKE_Fortran_COMPILER-NOTFOUND 
Build flags: 
Id flags:  

The output was:
No such file or directory


Compiling the Fortran compiler identification source file "CMakeFortranCompilerId.F" failed.
Compiler: CMAKE_Fortran_COMPILER-NOTFOUND 
Build flags: 
Id flags: -c 

The output was:
No such file or directory


Compiling the Fortran compiler identification source file "CMakeFortranCompilerId.F" failed.
Compiler: CMAKE_Fortran_COMPILER-NOTFOUND 
Build flags: 
Id flags: -fpp 

The output was:
No such file or directory


